<?xml version="1.0" ?>
<!DOCTYPE coverage SYSTEM "http://cobertura.sourceforge.net/xml/coverage-04.dtd">
<coverage lines-valid="5" lines-covered="3" line-rate="0.6" branches-valid="0" branches-covered="0" branch-rate="1" timestamp="1543633204036" complexity="0" version="0.1">
  <sources>
    <source>/Users/jaredblitzstein/Programming/JavaScript/react/learning</source>
  </sources>
  <packages>
    <class name="Constants.js" filename="src/Components/Constants.js" line-rate="0.6" branch-rate="1">
      <methods>
        <method name="(anonymous_0)" hits="2" signature="()V">
          <lines>
            <line number="11" hits="2"/>
          </lines>
        </method>
        <method name="(anonymous_1)" hits="0" signature="()V">
          <lines>
            <line number="12" hits="0"/>
          </lines>
        </method>
        <method name="(anonymous_2)" hits="0" signature="()V">
          <lines>
            <line number="13" hits="0"/>
          </lines>
        </method>
      </methods>
      <lines>
        <line number="3" hits="1" branch="false"/>
        <line number="8" hits="1" branch="false"/>
        <line number="11" hits="2" branch="false"/>
        <line number="12" hits="0" branch="false"/>
        <line number="13" hits="0" branch="false"/>
      </lines>
    </class>
  </packages>
</coverage>
